<?xml version="1.0" encoding="UTF-8"?>
<!-- Generated by org.testng.reporters.JUnitReportReporter -->
<testsuite hostname="P0193541" failures="0" tests="1" name="Cucumber.TestngTestRunner" time="35.708" errors="0" timestamp="2022-12-14T15:14:25 IST" skipped="0">
  <testcase classname="Cucumber.TestngTestRunner" name="runScenario" time="35.708"/>
  <system-out/>
</testsuite> <!-- Cucumber.TestngTestRunner -->
