<?xml version="1.0" encoding="UTF-8"?>
<!-- Generated by org.testng.reporters.JUnitReportReporter -->
<testsuite hostname="P0193541" failures="0" tests="1" name="testobject.Website" time="34.294" errors="0" timestamp="2022-12-14T15:12:58 IST" skipped="0">
  <testcase classname="testobject.Website" name="Webpage" time="34.294"/>
  <system-out/>
</testsuite> <!-- testobject.Website -->
